<?xml version="1.0" encoding="UTF-8"?>
<!-- Generated by org.testng.reporters.JUnitXMLReporter -->
<testsuite hostname="pc-PC" ignored="0" name="Default test" tests="3" failures="0" timestamp="2020-03-30T10:20:35 IST" time="163.928" errors="0">
  <testcase name="loginToWordpress" time="116.624" classname="cts.miniproject.test.DdwordpressLogin"/>
  <testcase name="loginToWordpress" time="22.688" classname="cts.miniproject.test.DdwordpressLogin"/>
  <testcase name="loginToWordpress" time="20.135" classname="cts.miniproject.test.DdwordpressLogin"/>
</testsuite> <!-- Default test -->
